<?xml version="1.0" encoding="UTF-8"?>
<testsuite name="AllergiesTest" tests="4" skipped="0" failures="0" errors="0" timestamp="2016-04-21T21:33:38" hostname="epicodus-51.local" time="0.002">
  <properties/>
  <testcase name="runAllergies_shouldReturnFiveList_ArrayList" classname="AllergiesTest" time="0.001"/>
  <testcase name="runAllergies_shouldReturnTomatoesShellfish_ArrayList" classname="AllergiesTest" time="0.0"/>
  <testcase name="runAllergies_shouldReturnCats_ArrayList" classname="AllergiesTest" time="0.0"/>
  <testcase name="runAllergies_shouldReturnCatsPollen_ArrayList" classname="AllergiesTest" time="0.0"/>
  <system-out><![CDATA[]]></system-out>
  <system-err><![CDATA[]]></system-err>
</testsuite>
